<?xml version="1.0" encoding="UTF-8"?>
<testng-results ignored="0" total="3" passed="3" failed="0" skipped="0">
  <reporter-output>
  </reporter-output>
  <suite started-at="2025-07-14T17:17:02 IST" name="Default suite" finished-at="2025-07-14T17:17:31 IST" duration-ms="29361">
    <groups>
    </groups>
    <test started-at="2025-07-14T17:17:02 IST" name="Default test" finished-at="2025-07-14T17:17:31 IST" duration-ms="29361">
      <class name="DemoTest.Log4j.dataprovider">
        <test-method is-config="true" signature="setEnv()[pri:0, instance:DemoTest.Log4j.dataprovider@6a6cb05c]" started-at="2025-07-14T17:17:02 IST" name="setEnv" finished-at="2025-07-14T17:17:05 IST" duration-ms="3835" status="PASS">
          <reporter-output>
          </reporter-output>
        </test-method> <!-- setEnv -->
        <test-method signature="enterData(java.lang.String,java.lang.String)[pri:0, instance:DemoTest.Log4j.dataprovider@6a6cb05c]" started-at="2025-07-14T17:17:05 IST" name="enterData" data-provider="dataSet" finished-at="2025-07-14T17:17:14 IST" duration-ms="8527" status="PASS">
          <params>
            <param index="0">
              <value>
                <![CDATA[testuser1]]>
              </value>
            </param>
            <param index="1">
              <value>
                <![CDATA[testpass1]]>
              </value>
            </param>
          </params>
          <reporter-output>
          </reporter-output>
        </test-method> <!-- enterData -->
        <test-method signature="enterData(java.lang.String,java.lang.String)[pri:0, instance:DemoTest.Log4j.dataprovider@6a6cb05c]" started-at="2025-07-14T17:17:14 IST" name="enterData" data-provider="dataSet" finished-at="2025-07-14T17:17:22 IST" duration-ms="8433" status="PASS">
          <params>
            <param index="0">
              <value>
                <![CDATA[testpass1]]>
              </value>
            </param>
            <param index="1">
              <value>
                <![CDATA[testpass1]]>
              </value>
            </param>
          </params>
          <reporter-output>
          </reporter-output>
        </test-method> <!-- enterData -->
        <test-method signature="enterData(java.lang.String,java.lang.String)[pri:0, instance:DemoTest.Log4j.dataprovider@6a6cb05c]" started-at="2025-07-14T17:17:22 IST" name="enterData" data-provider="dataSet" finished-at="2025-07-14T17:17:31 IST" duration-ms="8484" status="PASS">
          <params>
            <param index="0">
              <value>
                <![CDATA[testuser2]]>
              </value>
            </param>
            <param index="1">
              <value>
                <![CDATA[testuser2]]>
              </value>
            </param>
          </params>
          <reporter-output>
          </reporter-output>
        </test-method> <!-- enterData -->
      </class> <!-- DemoTest.Log4j.dataprovider -->
    </test> <!-- Default test -->
  </suite> <!-- Default suite -->
</testng-results>
