<?xml version="1.0" encoding="UTF-8"?>
<!-- Generated by org.testng.reporters.JUnitXMLReporter -->
<testsuite ignored="0" hostname="LAPTOP-ETMNRLTD" failures="0" tests="3" name="Default test" time="29.361" errors="0" timestamp="2025-07-14T17:17:31 IST">
  <testcase classname="DemoTest.Log4j.dataprovider" name="enterData" time="8.527"/>
  <testcase classname="DemoTest.Log4j.dataprovider" name="enterData" time="8.433"/>
  <testcase classname="DemoTest.Log4j.dataprovider" name="enterData" time="8.484"/>
</testsuite> <!-- Default test -->
